<?xml version="1.0" encoding="UTF-8"?>
<!-- Generated by org.testng.reporters.JUnitReportReporter -->
<testsuite hostname="Umair-Boota-3520" failures="0" tests="2" name="qa.com.testcases.loginTest" time="0.513" errors="0" timestamp="2024-06-23T07:43:37 PKT" skipped="0">
  <testcase classname="qa.com.testcases.loginTest" name="loginWithValidCredentials" time="0.210"/>
  <system-out/>
  <testcase classname="qa.com.testcases.loginTest" name="sortItemsLowToHighAndAddToCart" time="0.303"/>
  <system-out/>
</testsuite> <!-- qa.com.testcases.loginTest -->
