<?xml version="1.0" encoding="UTF-8"?>
<!-- Generated by org.testng.reporters.JUnitReportReporter -->
<testsuite hostname="Umair-Boota-3520" failures="0" tests="1" name="qa.com.testcases.DatabaseTest" time="0.015" errors="0" timestamp="2024-06-23T07:43:37 PKT" skipped="0">
  <testcase classname="qa.com.testcases.DatabaseTest" name="testDatabaseOperations" time="0.015"/>
  <system-out/>
</testsuite> <!-- qa.com.testcases.DatabaseTest -->
