<?xml version="1.0" encoding="UTF-8"?>
<!-- Generated by org.testng.reporters.JUnitReportReporter -->
<testsuite hostname="Umair-Boota-3520" failures="0" tests="1" name="qa.com.testcases.TaskSixTest" time="0.812" errors="0" timestamp="2024-06-19T13:03:34 PKT" skipped="0">
  <testcase classname="qa.com.testcases.TaskSixTest" name="caseOne" time="0.812"/>
  <system-out/>
</testsuite> <!-- qa.com.testcases.TaskSixTest -->
